Arguments: 
  C:\lang\node-v12.18.3-win-x64\node.exe C:\Program Files (x86)\Yarn\bin\yarn.js start

PATH: 
  C:\Program Files (x86)\Common Files\Oracle\Java\javapath;C:\Users\multi\IBM\WebSphereMQ\java\lib;C:\Users\multi\IBM\WebSphereMQ\java\lib64;C:\app\multi\product\12.2.0\dbhome_1\bin;C:\Program Files\IBM\SPSS\ModelerSubscription\1.0\ext\bin\spss.TMWBServer\bin;C:\WINDOWS\system32;C:\WINDOWS;C:\WINDOWS\System32\Wbem;C:\WINDOWS\System32\WindowsPowerShell\v1.0\;C:\WINDOWS\System32\OpenSSH\;C:\Program Files\Git\cmd;C:\Program Files\PuTTY\;C:\Users\multi\IBM\WebSphereMQ\bin64;C:\Users\multi\IBM\WebSphereMQ\bin;C:\Users\multi\IBM\WebSphereMQ\tools\c\samples\bin64;C:\Users\multi\IBM\WebSphereMQ\tools\c\samples\bin;C:\lang\node-v12.18.3-win-x64;C:\ProgramData\chocolatey\bin;C:\Program Files (x86)\Yarn\bin\;C:\Users\multi\AppData\Local\Microsoft\WindowsApps;C:\Users\multi\AppData\Local\Programs\Microsoft VS Code\bin;C:\Users\multi\AppData\Local\Microsoft\WindowsApps;C:\lang\node-v12.18.3-win-x64;C:\Users\multi\AppData\Local\Yarn\bin

Yarn version: 
  1.22.4

Node version: 
  12.18.3

Platform: 
  win32 x64

Trace: 
  SyntaxError: C:\dev\nodeproject\nodecrm\package.json: Unexpected token } in JSON at position 239
      at JSON.parse (<anonymous>)
      at C:\Program Files (x86)\Yarn\lib\cli.js:1625:59
      at Generator.next (<anonymous>)
      at step (C:\Program Files (x86)\Yarn\lib\cli.js:310:30)
      at C:\Program Files (x86)\Yarn\lib\cli.js:321:13

npm manifest: 
  {
      "name": "nodecrm",
      "version": "1.0.0",
      "scripts": {
          "client": "cd client && yarn start",
          "server": "nodemon server.js",
          "dev": "concurrently --kill-others-on-fail \"yarn server\" \"yarn client\"",
      },
      "dependencies": {
          "body-parser": "^1.19.0",
          "express": "^4.17.1"
      },
      "devDependencies": {
          "concurrently": "^4.0.1"
      }
  }

yarn manifest: 
  No manifest

Lockfile: 
  No lockfile
